<?xml version="1.0" encoding="UTF-8"?><testsuite errors="0" failures="0" name="com.restful.booker.crudtests.BookingsCRUDTest" skipped="0" tests="4" time="7.32" timestamp="2023-01-03T16:24:48.467Z[Europe/London]"><testcase classname="com.restful.booker.crudtests.BookingsCRUDTest" name="This will Auth user"/><testcase classname="com.restful.booker.crudtests.BookingsCRUDTest" name="This test will create a new Booking"/><testcase classname="com.restful.booker.crudtests.BookingsCRUDTest" name="This test will Update the booking"/><testcase classname="com.restful.booker.crudtests.BookingsCRUDTest" name="This test will Deleted the booking"/></testsuite>